2025-12-08 13:44:15,262 - utils - INFO - База данных инициализирована: D:\Student\Сем_7\Иязис\IASIZ_lab4\data\dictionaries\dict_general_main.db
2025-12-08 13:44:18,812 - utils - INFO - Отправка запроса на перевод (длина текста: 214)...
2025-12-08 13:44:31,203 - utils - INFO - Перевод успешно выполнен (символов: 905)
2025-12-08 13:44:31,335 - utils - ERROR - Ошибка при сохранении истории перевода: SQLite objects created in a thread can only be used in that same thread. The object was created in thread id 1828 and this is thread id 5756.
2025-12-08 13:44:31,335 - utils - ERROR - Ошибка при сохранении частотного списка: SQLite objects created in a thread can only be used in that same thread. The object was created in thread id 1828 and this is thread id 5756.
2025-12-08 13:44:31,336 - utils - INFO - Результаты перевода сохранены в БД (ID: -1)
2025-12-08 14:02:11,309 - utils - INFO - База данных инициализирована: D:\Student\Сем_7\Иязис\IASIZ_lab4\data\dictionaries\dict_general_main.db
2025-12-08 14:02:15,213 - utils - INFO - Соединение с базой данных закрыто для потока 11064
2025-12-08 14:02:16,790 - utils - INFO - База данных инициализирована: D:\Student\Сем_7\Иязис\IASIZ_lab4\data\dictionaries\dict_general_main.db
2025-12-08 14:02:33,740 - utils - INFO - Отправка запроса на перевод (длина текста: 214)...
2025-12-08 14:02:36,969 - utils - INFO - Перевод успешно выполнен (символов: 210)
2025-12-08 14:02:37,105 - utils - INFO - Сохранена история перевода ID: 1
2025-12-08 14:02:37,107 - utils - INFO - Сохранен частотный список для хэша: 66b01a78648d45b730f92fa9288c8662
2025-12-08 14:02:37,107 - utils - INFO - Результаты перевода сохранены в БД (ID: 1)
2025-12-08 14:02:51,283 - utils - INFO - Сохранено синтаксическое дерево ID: 1
2025-12-08 14:03:03,167 - utils - ERROR - Ошибка при поиске в словаре: near "ORDER": syntax error
2025-12-08 14:03:15,414 - utils - ERROR - Ошибка при поиске в словаре: near "ORDER": syntax error
2025-12-08 14:03:30,699 - utils - INFO - Соединение с базой данных закрыто для потока 8988
2025-12-08 14:04:10,731 - utils - INFO - База данных инициализирована: D:\Student\Сем_7\Иязис\IASIZ_lab4\data\dictionaries\dict_general_main.db
2025-12-08 14:04:25,164 - utils - ERROR - Ошибка при поиске в словаре: near "ORDER": syntax error
2025-12-08 14:04:30,681 - utils - INFO - Соединение с базой данных закрыто для потока 18156
2025-12-08 14:05:12,848 - utils - INFO - База данных инициализирована: D:\Student\Сем_7\Иязис\IASIZ_lab4\data\dictionaries\dict_general_main.db
2025-12-08 14:05:19,019 - utils - ERROR - Ошибка при поиске в словаре: near "ORDER": syntax error
2025-12-08 14:08:37,543 - utils - INFO - База данных инициализирована: D:\Student\Сем_7\Иязис\IASIZ_lab4\data\dictionaries\dict_general_main.db
2025-12-08 14:20:30,712 - utils - INFO - База данных инициализирована: D:\Student\Сем_7\Иязис\IASIZ_lab4\data\dictionaries\dict_general_main.db
2025-12-08 14:20:50,278 - utils - INFO - Добавлено в словарь: 'hello' -> 'привет'
2025-12-08 14:20:50,280 - utils - INFO - Добавлено в словарь: 'world' -> 'мир'
2025-12-08 14:20:50,282 - utils - INFO - Добавлено в словарь: 'computer' -> 'компьютер'
2025-12-08 14:20:50,284 - utils - INFO - Добавлено в словарь: 'programming' -> 'программирование'
2025-12-08 14:20:50,286 - utils - INFO - Добавлено в словарь: 'algorithm' -> 'алгоритм'
2025-12-08 14:20:50,288 - utils - INFO - Добавлено в словарь: 'database' -> 'база данных'
2025-12-08 14:20:50,290 - utils - INFO - Добавлено в словарь: 'beautiful' -> 'красивый'
2025-12-08 14:20:50,292 - utils - INFO - Добавлено в словарь: 'quickly' -> 'быстро'
2025-12-08 14:20:50,294 - utils - INFO - Добавлено в словарь: 'understand' -> 'понимать'
2025-12-08 14:20:50,297 - utils - INFO - Добавлено в словарь: 'translation' -> 'перевод'
2025-12-08 14:20:50,299 - utils - INFO - Добавлено в словарь: 'system' -> 'система'
2025-12-08 14:20:50,301 - utils - INFO - Добавлено в словарь: 'machine' -> 'машина'
2025-12-08 14:20:50,303 - utils - INFO - Добавлено в словарь: 'learning' -> 'обучение'
2025-12-08 14:20:50,305 - utils - INFO - Добавлено в словарь: 'artificial' -> 'искусственный'
2025-12-08 14:20:50,307 - utils - INFO - Добавлено в словарь: 'intelligence' -> 'интеллект'
2025-12-08 14:20:50,309 - utils - INFO - Добавлено в словарь: 'development' -> 'развитие'
2025-12-08 14:20:50,311 - utils - INFO - Добавлено в словарь: 'statistical' -> 'статистический'
2025-12-08 14:20:50,313 - utils - INFO - Добавлено в словарь: 'model' -> 'модель'
2025-12-08 14:20:50,315 - utils - INFO - Добавлено в словарь: 'improve' -> 'улучшать'
2025-12-08 14:20:50,317 - utils - INFO - Добавлено в словарь: 'performance' -> 'производительность'
2025-12-08 14:20:50,319 - utils - INFO - Добавлено в словарь: 'experience' -> 'опыт'
2025-12-08 14:20:50,321 - utils - INFO - Добавлено в словарь: 'task' -> 'задача'
2025-12-08 14:20:50,323 - utils - INFO - Добавлено в словарь: 'text' -> 'текст'
2025-12-08 14:20:50,325 - utils - INFO - Добавлено в словарь: 'analysis' -> 'анализ'
2025-12-08 14:20:50,327 - utils - INFO - Добавлено в словарь: 'syntax' -> 'синтаксис'
2025-12-08 14:20:50,329 - utils - INFO - Добавлено в словарь: 'grammar' -> 'грамматика'
2025-12-08 14:20:50,331 - utils - INFO - Добавлено в словарь: 'software' -> 'программное обеспечение'
2025-12-08 14:20:50,333 - utils - INFO - Добавлено в словарь: 'hardware' -> 'аппаратное обеспечение'
2025-12-08 14:20:50,335 - utils - INFO - Добавлено в словарь: 'network' -> 'сеть'
2025-12-08 14:20:50,338 - utils - INFO - Добавлено в словарь: 'security' -> 'безопасность'
2025-12-08 14:20:50,341 - utils - INFO - Добавлено в словарь: 'literature' -> 'литература'
2025-12-08 14:20:50,343 - utils - INFO - Добавлено в словарь: 'poetry' -> 'поэзия'
2025-12-08 14:20:50,345 - utils - INFO - Добавлено в словарь: 'novel' -> 'роман'
2025-12-08 14:20:50,347 - utils - INFO - Добавлено в словарь: 'good' -> 'хороший'
2025-12-08 14:20:50,349 - utils - INFO - Добавлено в словарь: 'bad' -> 'плохой'
2025-12-08 14:20:50,351 - utils - INFO - Добавлено в словарь: 'big' -> 'большой'
2025-12-08 14:20:50,353 - utils - INFO - Добавлено в словарь: 'small' -> 'маленький'
2025-12-08 14:20:50,355 - utils - INFO - Добавлено в словарь: 'fast' -> 'быстрый'
2025-12-08 14:20:50,357 - utils - INFO - Добавлено в словарь: 'slow' -> 'медленный'
2025-12-08 14:20:50,357 - utils - INFO - Импортировано 39 записей из D:/Student/Сем_7/Иязис/IASIZ_lab4/data/dictionaries/dictionary_extended_20251208_142002.json
2025-12-08 14:20:59,260 - utils - INFO - Добавлено в словарь: 'hello' -> 'привет'
2025-12-08 14:20:59,262 - utils - INFO - Добавлено в словарь: 'world' -> 'мир'
2025-12-08 14:20:59,264 - utils - INFO - Добавлено в словарь: 'computer' -> 'компьютер'
2025-12-08 14:20:59,265 - utils - INFO - Добавлено в словарь: 'programming' -> 'программирование'
2025-12-08 14:20:59,267 - utils - INFO - Добавлено в словарь: 'algorithm' -> 'алгоритм'
2025-12-08 14:20:59,269 - utils - INFO - Добавлено в словарь: 'database' -> 'база данных'
2025-12-08 14:20:59,271 - utils - INFO - Добавлено в словарь: 'beautiful' -> 'красивый'
2025-12-08 14:20:59,273 - utils - INFO - Добавлено в словарь: 'quickly' -> 'быстро'
2025-12-08 14:20:59,275 - utils - INFO - Добавлено в словарь: 'understand' -> 'понимать'
2025-12-08 14:20:59,277 - utils - INFO - Добавлено в словарь: 'translation' -> 'перевод'
2025-12-08 14:20:59,278 - utils - INFO - Добавлено в словарь: 'system' -> 'система'
2025-12-08 14:20:59,280 - utils - INFO - Добавлено в словарь: 'machine' -> 'машина'
2025-12-08 14:20:59,282 - utils - INFO - Добавлено в словарь: 'learning' -> 'обучение'
2025-12-08 14:20:59,284 - utils - INFO - Добавлено в словарь: 'artificial' -> 'искусственный'
2025-12-08 14:20:59,286 - utils - INFO - Добавлено в словарь: 'intelligence' -> 'интеллект'
2025-12-08 14:20:59,288 - utils - INFO - Добавлено в словарь: 'development' -> 'развитие'
2025-12-08 14:20:59,290 - utils - INFO - Добавлено в словарь: 'statistical' -> 'статистический'
2025-12-08 14:20:59,294 - utils - INFO - Добавлено в словарь: 'model' -> 'модель'
2025-12-08 14:20:59,296 - utils - INFO - Добавлено в словарь: 'improve' -> 'улучшать'
2025-12-08 14:20:59,298 - utils - INFO - Добавлено в словарь: 'performance' -> 'производительность'
2025-12-08 14:20:59,300 - utils - INFO - Добавлено в словарь: 'experience' -> 'опыт'
2025-12-08 14:20:59,301 - utils - INFO - Добавлено в словарь: 'task' -> 'задача'
2025-12-08 14:20:59,303 - utils - INFO - Добавлено в словарь: 'text' -> 'текст'
2025-12-08 14:20:59,305 - utils - INFO - Добавлено в словарь: 'analysis' -> 'анализ'
2025-12-08 14:20:59,307 - utils - INFO - Добавлено в словарь: 'syntax' -> 'синтаксис'
2025-12-08 14:20:59,309 - utils - INFO - Добавлено в словарь: 'grammar' -> 'грамматика'
2025-12-08 14:20:59,309 - utils - INFO - Импортировано 26 записей из D:/Student/Сем_7/Иязис/IASIZ_lab4/data/dictionaries/dictionary_basic_20251208_142002.json
2025-12-08 14:22:01,885 - utils - INFO - Отправка запроса на перевод (длина текста: 214)...
2025-12-08 14:22:10,301 - utils - INFO - Перевод успешно выполнен (символов: 212)
2025-12-08 14:22:10,444 - utils - INFO - Сохранена история перевода ID: 2
2025-12-08 14:22:10,466 - utils - INFO - Сохранен частотный список для хэша: 66b01a78648d45b730f92fa9288c8662
2025-12-08 14:22:10,466 - utils - INFO - Результаты перевода сохранены в БД (ID: 2)
2025-12-08 14:23:05,124 - utils - INFO - Сохранено синтаксическое дерево ID: 2
2025-12-08 14:23:28,322 - utils - INFO - Соединение с базой данных закрыто для потока 9240
2025-12-09 21:00:10,268 - utils - INFO - База данных инициализирована: D:\Student\Сем_7\Иязис\IASIZ_lab4\data\dictionaries\dict_general_main.db
2025-12-09 21:00:51,902 - utils - INFO - Отправка запроса на перевод (длина текста: 320)...
2025-12-09 21:00:56,432 - utils - INFO - Перевод успешно выполнен (символов: 369)
2025-12-09 21:00:56,762 - utils - INFO - Сохранена история перевода ID: 3
2025-12-09 21:00:56,785 - utils - INFO - Сохранен частотный список для хэша: 13e58b73b62a2963f3fa285e85346d74
2025-12-09 21:00:56,786 - utils - INFO - Результаты перевода сохранены в БД (ID: 3)
2025-12-09 21:02:28,739 - utils - INFO - Сохранено синтаксическое дерево ID: 3
2025-12-09 21:05:29,250 - utils - INFO - Соединение с базой данных закрыто для потока 16432
